#
# There is insufficient memory for the Java Runtime Environment to continue.
# Native memory allocation (malloc) failed to allocate 32744 bytes for ChunkPool::allocate
# Possible reasons:
#   The system is out of physical RAM or swap space
#   The process is running with CompressedOops enabled, and the Java Heap may be blocking the growth of the native heap
# Possible solutions:
#   Reduce memory load on the system
#   Increase physical memory or swap space
#   Check if swap backing store is full
#   Decrease Java heap size (-Xmx/-Xms)
#   Decrease number of Java threads
#   Decrease Java thread stack sizes (-Xss)
#   Set larger code cache with -XX:ReservedCodeCacheSize=
#   JVM is running with Unscaled Compressed Oops mode in which the Java heap is
#     placed in the first 4GB address space. The Java Heap base address is the
#     maximum limit for the native heap growth. Please use -XX:HeapBaseMinAddress
#     to set the Java Heap base and to place the Java Heap above 4GB virtual address.
# This output file may be truncated or incomplete.
#
#  Out of Memory Error (allocation.cpp:272), pid=1376, tid=0x0000000000004a48
#
# JRE version: OpenJDK Runtime Environment (8.0_242-b01) (build 1.8.0_242-release-1644-b01)
# Java VM: OpenJDK 64-Bit Server VM (25.242-b01 mixed mode windows-amd64 compressed oops)
# Failed to write core dump. Minidumps are not enabled by default on client versions of Windows
#

---------------  T H R E A D  ---------------

Current thread (0x000000001a4f7800):  JavaThread "Daemon worker" [_thread_in_vm, id=19016, stack(0x000000001bcc0000,0x000000001bdc0000)]

Stack: [0x000000001bcc0000,0x000000001bdc0000]
[error occurred during error reporting (printing stack bounds), id 0xc0000005]

Native frames: (J=compiled Java code, j=interpreted, Vv=VM code, C=native code)

Java frames: (J=compiled Java code, j=interpreted, Vv=VM code)
j  org.gradle.internal.service.scopes.BuildScopeServices.createScriptHandlerFactory(Lorg/gradle/api/internal/artifacts/DependencyManagementServices;Lorg/gradle/api/internal/file/FileResolver;Lorg/gradle/api/internal/file/FileCollectionFactory;Lorg/gradle/api/internal/artifacts/configurations/DependencyMetaDataProvider;Lorg/gradle/api/internal/initialization/ScriptClassPathResolver;Lorg/gradle/api/internal/model/NamedObjectInstantiator;)Lorg/gradle/api/internal/initialization/ScriptHandlerFactory;+0
v  ~StubRoutines::call_stub
j  sun.reflect.NativeMethodAccessorImpl.invoke0(Ljava/lang/reflect/Method;Ljava/lang/Object;[Ljava/lang/Object;)Ljava/lang/Object;+0
j  sun.reflect.NativeMethodAccessorImpl.invoke(Ljava/lang/Object;[Ljava/lang/Object;)Ljava/lang/Object;+100
J 1216 C1 sun.reflect.DelegatingMethodAccessorImpl.invoke(Ljava/lang/Object;[Ljava/lang/Object;)Ljava/lang/Object; (10 bytes) @ 0x00000000032097c4 [0x00000000032096c0+0x104]
J 1215 C1 java.lang.reflect.Method.invoke(Ljava/lang/Object;[Ljava/lang/Object;)Ljava/lang/Object; (62 bytes) @ 0x000000000320cfac [0x000000000320cbc0+0x3ec]
j  org.gradle.internal.reflect.JavaMethod.invoke(Ljava/lang/Object;[Ljava/lang/Object;)Ljava/lang/Object;+6
j  org.gradle.internal.service.ReflectionBasedServiceMethod.invoke(Ljava/lang/Object;[Ljava/lang/Object;)Ljava/lang/Object;+6
j  org.gradle.internal.service.DefaultServiceRegistry$FactoryMethodService.invokeMethod([Ljava/lang/Object;)Ljava/lang/Object;+9
j  org.gradle.internal.service.DefaultServiceRegistry$FactoryService.create()Ljava/lang/Object;+7
J 1397 C1 org.gradle.internal.service.DefaultServiceRegistry$ManagedObjectServiceProvider.getInstance()Ljava/lang/Object; (81 bytes) @ 0x0000000003283a4c [0x0000000003283800+0x24c]
J 1396 C1 org.gradle.internal.service.DefaultServiceRegistry$SingletonService.get()Ljava/lang/Object; (5 bytes) @ 0x0000000003278334 [0x0000000003278240+0xf4]
j  org.gradle.internal.service.DefaultServiceRegistry.find(Ljava/lang/reflect/Type;)Ljava/lang/Object;+22
j  org.gradle.internal.service.DefaultServiceRegistry.get(Ljava/lang/reflect/Type;)Ljava/lang/Object;+2
j  org.gradle.internal.service.DefaultServiceRegistry.get(Ljava/lang/Class;)Ljava/lang/Object;+3
j  org.gradle.internal.service.scopes.BuildScopeServices.defaultScriptPluginFactory()Lorg/gradle/configuration/DefaultScriptPluginFactory;+31
j  org.gradle.internal.service.scopes.BuildScopeServices.createScriptPluginFactory(Lorg/gradle/internal/instantiation/InstantiatorFactory;Lorg/gradle/internal/operations/BuildOperationExecutor;Lorg/gradle/configuration/internal/UserCodeApplicationContext;)Lorg/gradle/configuration/ScriptPluginFactory;+1
v  ~StubRoutines::call_stub
j  sun.reflect.NativeMethodAccessorImpl.invoke0(Ljava/lang/reflect/Method;Ljava/lang/Object;[Ljava/lang/Object;)Ljava/lang/Object;+0
j  sun.reflect.NativeMethodAccessorImpl.invoke(Ljava/lang/Object;[Ljava/lang/Object;)Ljava/lang/Object;+100
J 1216 C1 sun.reflect.DelegatingMethodAccessorImpl.invoke(Ljava/lang/Object;[Ljava/lang/Object;)Ljava/lang/Object; (10 bytes) @ 0x00000000032097c4 [0x00000000032096c0+0x104]
J 1215 C1 java.lang.reflect.Method.invoke(Ljava/lang/Object;[Ljava/lang/Object;)Ljava/lang/Object; (62 bytes) @ 0x000000000320cfac [0x000000000320cbc0+0x3ec]
j  org.gradle.internal.reflect.JavaMethod.invoke(Ljava/lang/Object;[Ljava/lang/Object;)Ljava/lang/Object;+6
j  org.gradle.internal.service.ReflectionBasedServiceMethod.invoke(Ljava/lang/Object;[Ljava/lang/Object;)Ljava/lang/Object;+6
j  org.gradle.internal.service.DefaultServiceRegistry$FactoryMethodService.invokeMethod([Ljava/lang/Object;)Ljava/lang/Object;+9
j  org.gradle.internal.service.DefaultServiceRegistry$FactoryService.create()Ljava/lang/Object;+7
J 1397 C1 org.gradle.internal.service.DefaultServiceRegistry$ManagedObjectServiceProvider.getInstance()Ljava/lang/Object; (81 bytes) @ 0x0000000003283a4c [0x0000000003283800+0x24c]
J 1396 C1 org.gradle.internal.service.DefaultServiceRegistry$SingletonService.get()Ljava/lang/Object; (5 bytes) @ 0x0000000003278334 [0x0000000003278240+0xf4]
j  org.gradle.internal.service.DefaultServiceRegistry$FactoryService.assembleParameters()[Ljava/lang/Object;+44
j  org.gradle.internal.service.DefaultServiceRegistry$FactoryService.create()Ljava/lang/Object;+1
J 1397 C1 org.gradle.internal.service.DefaultServiceRegistry$ManagedObjectServiceProvider.getInstance()Ljava/lang/Object; (81 bytes) @ 0x0000000003283a4c [0x0000000003283800+0x24c]
J 1396 C1 org.gradle.internal.service.DefaultServiceRegistry$SingletonService.get()Ljava/lang/Object; (5 bytes) @ 0x0000000003278334 [0x0000000003278240+0xf4]
j  org.gradle.internal.service.DefaultServiceRegistry$FactoryService.assembleParameters()[Ljava/lang/Object;+44
j  org.gradle.internal.service.DefaultServiceRegistry$FactoryService.create()Ljava/lang/Object;+1
J 1397 C1 org.gradle.internal.service.DefaultServiceRegistry$ManagedObjectServiceProvider.getInstance()Ljava/lang/Object; (81 bytes) @ 0x0000000003283a4c [0x0000000003283800+0x24c]
J 1396 C1 org.gradle.internal.service.DefaultServiceRegistry$SingletonService.get()Ljava/lang/Object; (5 bytes) @ 0x0000000003278334 [0x0000000003278240+0xf4]
j  org.gradle.internal.service.DefaultServiceRegistry.find(Ljava/lang/reflect/Type;)Ljava/lang/Object;+22
j  org.gradle.internal.service.DefaultServiceRegistry.get(Ljava/lang/reflect/Type;)Ljava/lang/Object;+2
j  org.gradle.internal.service.DefaultServiceRegistry.get(Ljava/lang/Class;)Ljava/lang/Object;+3
j  org.gradle.initialization.DefaultGradleLauncherFactory.doNewInstance(Lorg/gradle/api/internal/BuildDefinition;Lorg/gradle/internal/build/BuildState;Lorg/gradle/initialization/GradleLauncher;Lorg/gradle/internal/service/scopes/BuildTreeScopeServices;Ljava/util/List;)Lorg/gradle/initialization/DefaultGradleLauncher;+231
j  org.gradle.initialization.DefaultGradleLauncherFactory.newInstance(Lorg/gradle/api/internal/BuildDefinition;Lorg/gradle/internal/build/RootBuildState;Lorg/gradle/internal/service/scopes/BuildTreeScopeServices;)Lorg/gradle/initialization/GradleLauncher;+33
j  org.gradle.composite.internal.DefaultRootBuildState.<init>(Lorg/gradle/api/internal/BuildDefinition;Lorg/gradle/initialization/GradleLauncherFactory;Lorg/gradle/internal/event/ListenerManager;Lorg/gradle/internal/service/scopes/BuildTreeScopeServices;)V+15
j  org.gradle.composite.internal.DefaultIncludedBuildRegistry.createRootBuild(Lorg/gradle/api/internal/BuildDefinition;)Lorg/gradle/internal/build/RootBuildState;+35
j  org.gradle.launcher.exec.InProcessBuildActionExecuter.execute(Lorg/gradle/internal/invocation/BuildAction;Lorg/gradle/initialization/BuildRequestContext;Lorg/gradle/launcher/exec/BuildActionParameters;Lorg/gradle/internal/service/ServiceRegistry;)Lorg/gradle/launcher/exec/BuildActionResult;+61
j  org.gradle.launcher.exec.InProcessBuildActionExecuter.execute(Lorg/gradle/internal/invocation/BuildAction;Lorg/gradle/initialization/BuildRequestContext;Ljava/lang/Object;Lorg/gradle/internal/service/ServiceRegistry;)Lorg/gradle/launcher/exec/BuildActionResult;+9
j  org.gradle.launcher.exec.BuildTreeScopeBuildActionExecuter.execute(Lorg/gradle/internal/invocation/BuildAction;Lorg/gradle/initialization/BuildRequestContext;Lorg/gradle/launcher/exec/BuildActionParameters;Lorg/gradle/internal/service/ServiceRegistry;)Lorg/gradle/launcher/exec/BuildActionResult;+38
j  org.gradle.launcher.exec.BuildTreeScopeBuildActionExecuter.execute(Lorg/gradle/internal/invocation/BuildAction;Lorg/gradle/initialization/BuildRequestContext;Ljava/lang/Object;Lorg/gradle/internal/service/ServiceRegistry;)Lorg/gradle/launcher/exec/BuildActionResult;+9
j  org.gradle.tooling.internal.provider.ContinuousBuildActionExecuter.execute(Lorg/gradle/internal/invocation/BuildAction;Lorg/gradle/initialization/BuildRequestContext;Lorg/gradle/launcher/exec/BuildActionParameters;Lorg/gradle/internal/service/ServiceRegistry;)Lorg/gradle/launcher/exec/BuildActionResult;+58
j  org.gradle.tooling.internal.provider.ContinuousBuildActionExecuter.execute(Lorg/gradle/internal/invocation/BuildAction;Lorg/gradle/initialization/BuildRequestContext;Ljava/lang/Object;Lorg/gradle/internal/service/ServiceRegistry;)Lorg/gradle/launcher/exec/BuildActionResult;+9
j  org.gradle.tooling.internal.provider.SubscribableBuildActionExecuter.execute(Lorg/gradle/internal/invocation/BuildAction;Lorg/gradle/initialization/BuildRequestContext;Lorg/gradle/launcher/exec/BuildActionParameters;Lorg/gradle/internal/service/ServiceRegistry;)Lorg/gradle/launcher/exec/BuildActionResult;+41
j  org.gradle.tooling.internal.provider.SubscribableBuildActionExecuter.execute(Lorg/gradle/internal/invocation/BuildAction;Lorg/gradle/initialization/BuildRequestContext;Ljava/lang/Object;Lorg/gradle/internal/service/ServiceRegistry;)Lorg/gradle/launcher/exec/BuildActionResult;+9
j  org.gradle.tooling.internal.provider.SessionScopeBuildActionExecuter.execute(Lorg/gradle/internal/invocation/BuildAction;Lorg/gradle/initialization/BuildRequestContext;Lorg/gradle/launcher/exec/BuildActionParameters;Lorg/gradle/internal/service/ServiceRegistry;)Lorg/gradle/launcher/exec/BuildActionResult;+117
j  org.gradle.tooling.internal.provider.SessionScopeBuildActionExecuter.execute(Lorg/gradle/internal/invocation/BuildAction;Lorg/gradle/initialization/BuildRequestContext;Ljava/lang/Object;Lorg/gradle/internal/service/ServiceRegistry;)Lorg/gradle/launcher/exec/BuildActionResult;+9
j  org.gradle.tooling.internal.provider.GradleThreadBuildActionExecuter.execute(Lorg/gradle/internal/invocation/BuildAction;Lorg/gradle/initialization/BuildRequestContext;Lorg/gradle/launcher/exec/BuildActionParameters;Lorg/gradle/internal/service/ServiceRegistry;)Lorg/gradle/launcher/exec/BuildActionResult;+12
j  org.gradle.tooling.internal.provider.GradleThreadBuildActionExecuter.execute(Lorg/gradle/internal/invocation/BuildAction;Lorg/gradle/initialization/BuildRequestContext;Ljava/lang/Object;Lorg/gradle/internal/service/ServiceRegistry;)Lorg/gradle/launcher/exec/BuildActionResult;+9
j  org.gradle.tooling.internal.provider.ParallelismConfigurationBuildActionExecuter.execute(Lorg/gradle/internal/invocation/BuildAction;Lorg/gradle/initialization/BuildRequestContext;Lorg/gradle/launcher/exec/BuildActionParameters;Lorg/gradle/internal/service/ServiceRegistry;)Lorg/gradle/launcher/exec/BuildActionResult;+43
j  org.gradle.tooling.internal.provider.ParallelismConfigurationBuildActionExecuter.execute(Lorg/gradle/internal/invocation/BuildAction;Lorg/gradle/initialization/BuildRequestContext;Ljava/lang/Object;Lorg/gradle/internal/service/ServiceRegistry;)Lorg/gradle/launcher/exec/BuildActionResult;+9
j  org.gradle.tooling.internal.provider.StartParamsValidatingActionExecuter.execute(Lorg/gradle/internal/invocation/BuildAction;Lorg/gradle/initialization/BuildRequestContext;Lorg/gradle/launcher/exec/BuildActionParameters;Lorg/gradle/internal/service/ServiceRegistry;)Lorg/gradle/launcher/exec/BuildActionResult;+177
j  org.gradle.tooling.internal.provider.StartParamsValidatingActionExecuter.execute(Lorg/gradle/internal/invocation/BuildAction;Lorg/gradle/initialization/BuildRequestContext;Ljava/lang/Object;Lorg/gradle/internal/service/ServiceRegistry;)Lorg/gradle/launcher/exec/BuildActionResult;+9
j  org.gradle.tooling.internal.provider.SessionFailureReportingActionExecuter.execute(Lorg/gradle/internal/invocation/BuildAction;Lorg/gradle/initialization/BuildRequestContext;Lorg/gradle/launcher/exec/BuildActionParameters;Lorg/gradle/internal/service/ServiceRegistry;)Lorg/gradle/launcher/exec/BuildActionResult;+9
j  org.gradle.tooling.internal.provider.SessionFailureReportingActionExecuter.execute(Lorg/gradle/internal/invocation/BuildAction;Lorg/gradle/initialization/BuildRequestContext;Ljava/lang/Object;Lorg/gradle/internal/service/ServiceRegistry;)Lorg/gradle/launcher/exec/BuildActionResult;+9
j  org.gradle.tooling.internal.provider.SetupLoggingActionExecuter.execute(Lorg/gradle/internal/invocation/BuildAction;Lorg/gradle/initialization/BuildRequestContext;Lorg/gradle/launcher/exec/BuildActionParameters;Lorg/gradle/internal/service/ServiceRegistry;)Lorg/gradle/launcher/exec/BuildActionResult;+52
j  org.gradle.tooling.internal.provider.SetupLoggingActionExecuter.execute(Lorg/gradle/internal/invocation/BuildAction;Lorg/gradle/initialization/BuildRequestContext;Ljava/lang/Object;Lorg/gradle/internal/service/ServiceRegistry;)Lorg/gradle/launcher/exec/BuildActionResult;+9
j  org.gradle.launcher.daemon.server.exec.ExecuteBuild.doBuild(Lorg/gradle/launcher/daemon/server/api/DaemonCommandExecution;Lorg/gradle/launcher/daemon/protocol/Build;)V+118
j  org.gradle.launcher.daemon.server.exec.BuildCommandOnly.execute(Lorg/gradle/launcher/daemon/server/api/DaemonCommandExecution;)V+49
j  org.gradle.launcher.daemon.server.api.DaemonCommandExecution.proceed()Z+23
j  org.gradle.launcher.daemon.server.exec.WatchForDisconnection.execute(Lorg/gradle/launcher/daemon/server/api/DaemonCommandExecution;)V+19
j  org.gradle.launcher.daemon.server.api.DaemonCommandExecution.proceed()Z+23
j  org.gradle.launcher.daemon.server.exec.ResetDeprecationLogger.execute(Lorg/gradle/launcher/daemon/server/api/DaemonCommandExecution;)V+4
j  org.gradle.launcher.daemon.server.api.DaemonCommandExecution.proceed()Z+23
j  org.gradle.launcher.daemon.server.exec.RequestStopIfSingleUsedDaemon.execute(Lorg/gradle/launcher/daemon/server/api/DaemonCommandExecution;)V+33
j  org.gradle.launcher.daemon.server.api.DaemonCommandExecution.proceed()Z+23
j  org.gradle.launcher.daemon.server.exec.ForwardClientInput$2.create()Ljava/lang/Void;+4
j  org.gradle.launcher.daemon.server.exec.ForwardClientInput$2.create()Ljava/lang/Object;+1
j  org.gradle.util.Swapper.swap(Ljava/lang/Object;Lorg/gradle/internal/Factory;)Ljava/lang/Object;+21
j  org.gradle.launcher.daemon.server.exec.ForwardClientInput.execute(Lorg/gradle/launcher/daemon/server/api/DaemonCommandExecution;)V+63
j  org.gradle.launcher.daemon.server.api.DaemonCommandExecution.proceed()Z+23
j  org.gradle.launcher.daemon.server.exec.LogAndCheckHealth.execute(Lorg/gradle/launcher/daemon/server/api/DaemonCommandExecution;)V+28
j  org.gradle.launcher.daemon.server.api.DaemonCommandExecution.proceed()Z+23
j  org.gradle.launcher.daemon.server.exec.LogToClient.doBuild(Lorg/gradle/launcher/daemon/server/api/DaemonCommandExecution;Lorg/gradle/launcher/daemon/protocol/Build;)V+87
j  org.gradle.launcher.daemon.server.exec.BuildCommandOnly.execute(Lorg/gradle/launcher/daemon/server/api/DaemonCommandExecution;)V+49
j  org.gradle.launcher.daemon.server.api.DaemonCommandExecution.proceed()Z+23
j  org.gradle.launcher.daemon.server.exec.EstablishBuildEnvironment.doBuild(Lorg/gradle/launcher/daemon/server/api/DaemonCommandExecution;Lorg/gradle/launcher/daemon/protocol/Build;)V+351
j  org.gradle.launcher.daemon.server.exec.BuildCommandOnly.execute(Lorg/gradle/launcher/daemon/server/api/DaemonCommandExecution;)V+49
j  org.gradle.launcher.daemon.server.api.DaemonCommandExecution.proceed()Z+23
j  org.gradle.launcher.daemon.server.exec.StartBuildOrRespondWithBusy$1.run()V+44
j  org.gradle.launcher.daemon.server.DaemonStateCoordinator$1.run()V+4
j  org.gradle.internal.concurrent.ExecutorPolicy$CatchAndRecordFailures.onExecute(Ljava/lang/Runnable;)V+1
j  org.gradle.internal.concurrent.ManagedExecutorImpl$1.run()V+25
j  java.util.concurrent.ThreadPoolExecutor.runWorker(Ljava/util/concurrent/ThreadPoolExecutor$Worker;)V+95
j  java.util.concurrent.ThreadPoolExecutor$Worker.run()V+5
j  org.gradle.internal.concurrent.ThreadFactoryImpl$ManagedThreadRunnable.run()V+7
j  java.lang.Thread.run()V+11
v  ~StubRoutines::call_stub

---------------  P R O C E S S  ---------------

Java Threads: ( => current thread )
  0x0000000016709800 JavaThread "Cache worker for file hash cache (D:\SOFTWARE\mobile\gradle-6.5\caches\6.1.1\fileHashes)" [_thread_blocked, id=18576, stack(0x000000001c4c0000,0x000000001c5c0000)]
  0x000000001670e800 JavaThread "File lock request listener" [_thread_in_native, id=5804, stack(0x000000001c3c0000,0x000000001c4c0000)]
  0x000000001a73f800 JavaThread "Cache worker for journal cache (D:\SOFTWARE\mobile\gradle-6.5\caches\journal-1)" [_thread_blocked, id=7360, stack(0x000000001c2c0000,0x000000001c3c0000)]
  0x000000001a506800 JavaThread "Thread-9" [_thread_blocked, id=3044, stack(0x000000001bfc0000,0x000000001c0c0000)]
  0x000000001a504000 JavaThread "Stdin handler" [_thread_blocked, id=11904, stack(0x000000001bec0000,0x000000001bfc0000)]
  0x000000001a502800 JavaThread "Asynchronous log dispatcher for DefaultDaemonConnection: socket connection from /127.0.0.1:54550 to /127.0.0.1:54551" [_thread_blocked, id=15960, stack(0x000000001bdc0000,0x000000001bec0000)]
=>0x000000001a4f7800 JavaThread "Daemon worker" [_thread_in_vm, id=19016, stack(0x000000001bcc0000,0x000000001bdc0000)]
  0x000000001a4f7000 JavaThread "Cancel handler" [_thread_blocked, id=18304, stack(0x000000001bbc0000,0x000000001bcc0000)]
  0x000000001a4c7800 JavaThread "Handler for socket connection from /127.0.0.1:54550 to /127.0.0.1:54551" [_thread_in_native, id=11992, stack(0x000000001b8c0000,0x000000001b9c0000)]
  0x000000001a4c3800 JavaThread "Daemon" [_thread_blocked, id=8452, stack(0x000000001b7c0000,0x000000001b8c0000)]
  0x000000001a4bf800 JavaThread "Daemon periodic checks" [_thread_blocked, id=12064, stack(0x000000001b6c0000,0x000000001b7c0000)]
  0x000000001a454800 JavaThread "Incoming local TCP Connector on port 54550" [_thread_in_native, id=16260, stack(0x000000001b480000,0x000000001b580000)]
  0x0000000018150800 JavaThread "Daemon health stats" [_thread_blocked, id=9852, stack(0x0000000019e40000,0x0000000019f40000)]
  0x00000000180aa800 JavaThread "Service Thread" daemon [_thread_blocked, id=7708, stack(0x0000000018470000,0x0000000018570000)]
  0x000000001670c800 JavaThread "C1 CompilerThread2" daemon [_thread_blocked, id=11892, stack(0x0000000017f70000,0x0000000018070000)]
  0x0000000016710000 JavaThread "C2 CompilerThread1" daemon [_thread_in_native, id=14220, stack(0x0000000017e70000,0x0000000017f70000)]
  0x0000000016702800 JavaThread "C2 CompilerThread0" daemon [_thread_in_native, id=1332, stack(0x0000000017d70000,0x0000000017e70000)]
  0x0000000016707800 JavaThread "Attach Listener" daemon [_thread_blocked, id=16628, stack(0x0000000017c70000,0x0000000017d70000)]
  0x0000000016706000 JavaThread "Signal Dispatcher" daemon [_thread_blocked, id=8524, stack(0x0000000017b70000,0x0000000017c70000)]
  0x0000000002c9c000 JavaThread "Finalizer" daemon [_thread_blocked, id=6944, stack(0x0000000017970000,0x0000000017a70000)]
  0x00000000166e9000 JavaThread "Reference Handler" daemon [_thread_blocked, id=13520, stack(0x0000000017870000,0x0000000017970000)]
  0x0000000002d8d800 JavaThread "main" [_thread_blocked, id=15552, stack(0x0000000002a60000,0x0000000002b60000)]

Other Threads:
  0x00000000166c6000 VMThread [stack: 0x0000000017770000,0x0000000017870000] [id=7912]
  0x00000000180ab000 WatcherThread [stack: 0x0000000018570000,0x0000000018670000] [id=9720]

VM state:not at safepoint (normal execution)

VM Mutex/Monitor currently owned by a thread: None

heap address: 0x00000000a0000000, size: 1536 MB, Compressed Oops mode: 32-bit
Narrow klass base: 0x0000000000000000, Narrow klass shift: 3
Compressed class space size: 1073741824 Address: 0x0000000100000000

Heap:
 PSYoungGen      total 71680K, used 30957K [0x00000000e0000000, 0x00000000e8c00000, 0x0000000100000000)
  eden space 66560K, 38% used [0x00000000e0000000,0x00000000e193f540,0x00000000e4100000)
  from space 5120K, 99% used [0x00000000e4100000,0x00000000e45fc030,0x00000000e4600000)
  to   space 5120K, 0% used [0x00000000e8700000,0x00000000e8700000,0x00000000e8c00000)
 ParOldGen       total 87552K, used 4337K [0x00000000a0000000, 0x00000000a5580000, 0x00000000e0000000)
  object space 87552K, 4% used [0x00000000a0000000,0x00000000a043c690,0x00000000a5580000)
 Metaspace       used 16996K, capacity 17532K, committed 17920K, reserved 1064960K
  class space    used 2314K, capacity 2494K, committed 2560K, reserved 1048576K

Card table byte_map: [0x0000000012150000,0x0000000012460000] byte_map_base: 0x0000000011c50000

Marking Bits: (ParMarkBitMap*) 0x000000005e8df030
 Begin Bits: [0x0000000012a60000, 0x0000000014260000)
 End Bits:   [0x0000000014260000, 0x0000000015a60000)

Polling page: 0x0000000000da0000

CodeCache: size=245760Kb used=5493Kb max_used=5493Kb free=240266Kb
 bounds [0x0000000002d90000, 0x00000000032f0000, 0x0000000011d90000]
 total_blobs=1951 nmethods=1549 adapters=315
 compilation: enabled

Compilation events (10 events):
Event: 3.519 Thread 0x000000001670c800 1555 %     3       com.google.common.io.LineBuffer::add @ 47 (204 bytes)
Event: 3.520 Thread 0x000000001670c800 nmethod 1555% 0x00000000032e9490 code [0x00000000032e96a0, 0x00000000032ea178]
Event: 3.533 Thread 0x000000001670c800 1556       3       java.util.Collections::emptyList (4 bytes)
Event: 3.533 Thread 0x000000001670c800 nmethod 1556 0x00000000032ea690 code [0x00000000032ea7e0, 0x00000000032ea910]
Event: 3.534 Thread 0x000000001670c800 1558       3       sun.misc.ProxyGenerator::dotToSlash (9 bytes)
Event: 3.534 Thread 0x000000001670c800 nmethod 1558 0x00000000032ea990 code [0x00000000032eab00, 0x00000000032ead08]
Event: 3.534 Thread 0x000000001670c800 1560       3       sun.misc.ProxyGenerator$ConstantPool$IndirectEntry::write (61 bytes)
Event: 3.535 Thread 0x000000001670c800 nmethod 1560 0x00000000032eadd0 code [0x00000000032eafc0, 0x00000000032ebac8]
Event: 3.535 Thread 0x000000001670c800 1559       3       sun.misc.ProxyGenerator$ConstantPool$ValueEntry::write (190 bytes)
Event: 3.536 Thread 0x000000001670c800 nmethod 1559 0x00000000032ebe90 code [0x00000000032ec280, 0x00000000032eed28]

GC Heap History (6 events):
Event: 1.363 GC heap before
{Heap before GC invocations=1 (full 0):
 PSYoungGen      total 38400K, used 33280K [0x00000000e0000000, 0x00000000e2a80000, 0x0000000100000000)
  eden space 33280K, 100% used [0x00000000e0000000,0x00000000e2080000,0x00000000e2080000)
  from space 5120K, 0% used [0x00000000e2580000,0x00000000e2580000,0x00000000e2a80000)
  to   space 5120K, 0% used [0x00000000e2080000,0x00000000e2080000,0x00000000e2580000)
 ParOldGen       total 87552K, used 0K [0x00000000a0000000, 0x00000000a5580000, 0x00000000e0000000)
  object space 87552K, 0% used [0x00000000a0000000,0x00000000a0000000,0x00000000a5580000)
 Metaspace       used 7189K, capacity 7376K, committed 7680K, reserved 1056768K
  class space    used 883K, capacity 968K, committed 1024K, reserved 1048576K
Event: 1.391 GC heap after
Heap after GC invocations=1 (full 0):
 PSYoungGen      total 38400K, used 4331K [0x00000000e0000000, 0x00000000e4b00000, 0x0000000100000000)
  eden space 33280K, 0% used [0x00000000e0000000,0x00000000e0000000,0x00000000e2080000)
  from space 5120K, 84% used [0x00000000e2080000,0x00000000e24baf10,0x00000000e2580000)
  to   space 5120K, 0% used [0x00000000e4600000,0x00000000e4600000,0x00000000e4b00000)
 ParOldGen       total 87552K, used 8K [0x00000000a0000000, 0x00000000a5580000, 0x00000000e0000000)
  object space 87552K, 0% used [0x00000000a0000000,0x00000000a0002000,0x00000000a5580000)
 Metaspace       used 7189K, capacity 7376K, committed 7680K, reserved 1056768K
  class space    used 883K, capacity 968K, committed 1024K, reserved 1048576K
}
Event: 1.694 GC heap before
{Heap before GC invocations=2 (full 0):
 PSYoungGen      total 38400K, used 37611K [0x00000000e0000000, 0x00000000e4b00000, 0x0000000100000000)
  eden space 33280K, 100% used [0x00000000e0000000,0x00000000e2080000,0x00000000e2080000)
  from space 5120K, 84% used [0x00000000e2080000,0x00000000e24baf10,0x00000000e2580000)
  to   space 5120K, 0% used [0x00000000e4600000,0x00000000e4600000,0x00000000e4b00000)
 ParOldGen       total 87552K, used 8K [0x00000000a0000000, 0x00000000a5580000, 0x00000000e0000000)
  object space 87552K, 0% used [0x00000000a0000000,0x00000000a0002000,0x00000000a5580000)
 Metaspace       used 7429K, capacity 7624K, committed 7680K, reserved 1056768K
  class space    used 907K, capacity 1008K, committed 1024K, reserved 1048576K
Event: 1.701 GC heap after
Heap after GC invocations=2 (full 0):
 PSYoungGen      total 71680K, used 3249K [0x00000000e0000000, 0x00000000e4b00000, 0x0000000100000000)
  eden space 66560K, 0% used [0x00000000e0000000,0x00000000e0000000,0x00000000e4100000)
  from space 5120K, 63% used [0x00000000e4600000,0x00000000e492c5a8,0x00000000e4b00000)
  to   space 5120K, 0% used [0x00000000e4100000,0x00000000e4100000,0x00000000e4600000)
 ParOldGen       total 87552K, used 16K [0x00000000a0000000, 0x00000000a5580000, 0x00000000e0000000)
  object space 87552K, 0% used [0x00000000a0000000,0x00000000a0004000,0x00000000a5580000)
 Metaspace       used 7429K, capacity 7624K, committed 7680K, reserved 1056768K
  class space    used 907K, capacity 1008K, committed 1024K, reserved 1048576K
}
Event: 3.159 GC heap before
{Heap before GC invocations=3 (full 0):
 PSYoungGen      total 71680K, used 69809K [0x00000000e0000000, 0x00000000e4b00000, 0x0000000100000000)
  eden space 66560K, 100% used [0x00000000e0000000,0x00000000e4100000,0x00000000e4100000)
  from space 5120K, 63% used [0x00000000e4600000,0x00000000e492c5a8,0x00000000e4b00000)
  to   space 5120K, 0% used [0x00000000e4100000,0x00000000e4100000,0x00000000e4600000)
 ParOldGen       total 87552K, used 16K [0x00000000a0000000, 0x00000000a5580000, 0x00000000e0000000)
  object space 87552K, 0% used [0x00000000a0000000,0x00000000a0004000,0x00000000a5580000)
 Metaspace       used 15074K, capacity 15564K, committed 15744K, reserved 1062912K
  class space    used 2000K, capacity 2154K, committed 2176K, reserved 1048576K
Event: 3.172 GC heap after
Heap after GC invocations=3 (full 0):
 PSYoungGen      total 71680K, used 5104K [0x00000000e0000000, 0x00000000e8c00000, 0x0000000100000000)
  eden space 66560K, 0% used [0x00000000e0000000,0x00000000e0000000,0x00000000e4100000)
  from space 5120K, 99% used [0x00000000e4100000,0x00000000e45fc030,0x00000000e4600000)
  to   space 5120K, 0% used [0x00000000e8700000,0x00000000e8700000,0x00000000e8c00000)
 ParOldGen       total 87552K, used 4337K [0x00000000a0000000, 0x00000000a5580000, 0x00000000e0000000)
  object space 87552K, 4% used [0x00000000a0000000,0x00000000a043c690,0x00000000a5580000)
 Metaspace       used 15074K, capacity 15564K, committed 15744K, reserved 1062912K
  class space    used 2000K, capacity 2154K, committed 2176K, reserved 1048576K
}

Deoptimization events (10 events):
Event: 2.773 Thread 0x000000001a4f7800 Uncommon trap: reason=bimorphic action=maybe_recompile pc=0x00000000030c8f44 method=java.util.HashMap.putVal(ILjava/lang/Object;Ljava/lang/Object;ZZ)Ljava/lang/Object; @ 253
Event: 2.773 Thread 0x000000001a4f7800 Uncommon trap: reason=bimorphic action=maybe_recompile pc=0x00000000030c8f44 method=java.util.HashMap.putVal(ILjava/lang/Object;Ljava/lang/Object;ZZ)Ljava/lang/Object; @ 253
Event: 2.773 Thread 0x000000001a4f7800 Uncommon trap: reason=bimorphic action=maybe_recompile pc=0x00000000030c8f44 method=java.util.HashMap.putVal(ILjava/lang/Object;Ljava/lang/Object;ZZ)Ljava/lang/Object; @ 253
Event: 2.773 Thread 0x000000001a4f7800 Uncommon trap: reason=bimorphic action=maybe_recompile pc=0x00000000030c8f44 method=java.util.HashMap.putVal(ILjava/lang/Object;Ljava/lang/Object;ZZ)Ljava/lang/Object; @ 253
Event: 2.773 Thread 0x000000001a4f7800 Uncommon trap: reason=bimorphic action=maybe_recompile pc=0x00000000030cd980 method=java.util.HashMap.putVal(ILjava/lang/Object;Ljava/lang/Object;ZZ)Ljava/lang/Object; @ 253
Event: 3.034 Thread 0x000000001a4f7800 Uncommon trap: reason=class_check action=maybe_recompile pc=0x00000000030dd958 method=java.util.regex.Matcher.match(II)Z @ 86
Event: 3.035 Thread 0x000000001a4f7800 Uncommon trap: reason=class_check action=maybe_recompile pc=0x00000000030dd958 method=java.util.regex.Matcher.match(II)Z @ 86
Event: 3.035 Thread 0x000000001a4f7800 Uncommon trap: reason=class_check action=maybe_recompile pc=0x00000000030dd958 method=java.util.regex.Matcher.match(II)Z @ 86
Event: 3.035 Thread 0x000000001a4f7800 Uncommon trap: reason=class_check action=maybe_recompile pc=0x00000000030a48f0 method=java.util.regex.Matcher.match(II)Z @ 86
Event: 3.358 Thread 0x000000001a4f7800 Uncommon trap: reason=unstable_if action=reinterpret pc=0x00000000030c2d5c method=java.io.File.getName()Ljava/lang/String; @ 16

Classes redefined (0 events):
No events

Internal exceptions (10 events):
Event: 2.712 Thread 0x000000001a4c7800 Exception <a 'java/lang/NoSuchMethodError': <clinit>> (0x00000000e1ea2f20) thrown at [C:\src\AOSP-openjdk-git\hotspot\src\share\vm\prims\jni.cpp, line 1615]
Event: 2.713 Thread 0x000000001a4c7800 Exception <a 'java/lang/NoSuchMethodError': <clinit>> (0x00000000e1eabac0) thrown at [C:\src\AOSP-openjdk-git\hotspot\src\share\vm\prims\jni.cpp, line 1615]
Event: 2.715 Thread 0x000000001a4c7800 Exception <a 'java/lang/NoSuchMethodError': <clinit>> (0x00000000e1ec1f38) thrown at [C:\src\AOSP-openjdk-git\hotspot\src\share\vm\prims\jni.cpp, line 1615]
Event: 2.724 Thread 0x000000001a4c7800 Exception <a 'java/lang/NoSuchMethodError': <clinit>> (0x00000000e1f1c888) thrown at [C:\src\AOSP-openjdk-git\hotspot\src\share\vm\prims\jni.cpp, line 1615]
Event: 2.728 Thread 0x000000001a4c7800 Exception <a 'java/lang/NoSuchMethodError': <clinit>> (0x00000000e1f49238) thrown at [C:\src\AOSP-openjdk-git\hotspot\src\share\vm\prims\jni.cpp, line 1615]
Event: 2.734 Thread 0x000000001a4c7800 Exception <a 'java/lang/NoSuchMethodError': <clinit>> (0x00000000e1f76520) thrown at [C:\src\AOSP-openjdk-git\hotspot\src\share\vm\prims\jni.cpp, line 1615]
Event: 2.735 Thread 0x000000001a4c7800 Exception <a 'java/lang/NoSuchMethodError': <clinit>> (0x00000000e1f815a8) thrown at [C:\src\AOSP-openjdk-git\hotspot\src\share\vm\prims\jni.cpp, line 1615]
Event: 3.417 Thread 0x000000001a4f7800 Exception <a 'java/lang/NoSuchMethodError': java.lang.Object.lambda$and$0(Ljava/util/function/Predicate;Ljava/lang/Object;)Z> (0x00000000e1344ef0) thrown at [C:\src\AOSP-openjdk-git\hotspot\src\share\vm\interpreter\linkResolver.cpp, line 620]
Event: 3.424 Thread 0x000000001a4f7800 Exception <a 'java/lang/IncompatibleClassChangeError': Found class java.lang.Object, but interface was expected> (0x00000000e13556e0) thrown at [C:\src\AOSP-openjdk-git\hotspot\src\share\vm\interpreter\linkResolver.cpp, line 653]
Event: 3.427 Thread 0x000000001a4f7800 Exception <a 'java/lang/NoSuchMethodError': java.lang.Object.lambda$or$2(Ljava/util/function/Predicate;Ljava/lang/Object;)Z> (0x00000000e135a600) thrown at [C:\src\AOSP-openjdk-git\hotspot\src\share\vm\interpreter\linkResolver.cpp, line 620]

Events (10 events):
Event: 3.542 loading class com/google/common/base/ExtraObjectsMethodsForWeb
Event: 3.542 loading class com/google/common/base/ExtraObjectsMethodsForWeb done
Event: 3.542 loading class org/gradle/api/internal/model/NamedObjectInstantiator$ClassGeneratingLoader
Event: 3.542 loading class org/gradle/api/internal/model/NamedObjectInstantiator$ClassGeneratingLoader done
Event: 3.542 loading class org/gradle/internal/state/Managed
Event: 3.542 loading class org/gradle/internal/state/Managed done
Event: 3.543 loading class org/gradle/api/internal/model/NamedObjectInstantiator$1
Event: 3.543 loading class org/gradle/api/internal/model/NamedObjectInstantiator$1 done
Event: 3.543 loading class org/gradle/api/internal/initialization/DefaultScriptHandlerFactory
Event: 3.543 loading class org/gradle/api/internal/initialization/DefaultScriptHandlerFactory done


Dynamic libraries:
0x00007ff6b3650000 - 0x00007ff6b3681000 	C:\Program Files\Android\Android Studio\jre\bin\java.exe
0x00007ff981a60000 - 0x00007ff981c50000 	C:\Windows\SYSTEM32\ntdll.dll
0x00007ff980cd0000 - 0x00007ff980d82000 	C:\Windows\System32\KERNEL32.DLL
0x00007ff97f860000 - 0x00007ff97fb05000 	C:\Windows\System32\KERNELBASE.dll
0x00007ff97fb70000 - 0x00007ff97fc13000 	C:\Windows\System32\ADVAPI32.dll
0x00007ff9815a0000 - 0x00007ff98163e000 	C:\Windows\System32\msvcrt.dll
0x00007ff981230000 - 0x00007ff9812c7000 	C:\Windows\System32\sechost.dll
0x00007ff9812d0000 - 0x00007ff9813f0000 	C:\Windows\System32\RPCRT4.dll
0x00007ff980e10000 - 0x00007ff980fa5000 	C:\Windows\System32\USER32.dll
0x00007ff97f5c0000 - 0x00007ff97f5e1000 	C:\Windows\System32\win32u.dll
0x00007ff981780000 - 0x00007ff9817a6000 	C:\Windows\System32\GDI32.dll
0x00007ff97f170000 - 0x00007ff97f306000 	C:\Windows\System32\gdi32full.dll
0x00007ff97f610000 - 0x00007ff97f6ae000 	C:\Windows\System32\msvcp_win.dll
0x00007ff97f310000 - 0x00007ff97f40a000 	C:\Windows\System32\ucrtbase.dll
0x00007ff95a330000 - 0x00007ff95a5b4000 	C:\Windows\WinSxS\amd64_microsoft.windows.common-controls_6595b64144ccf1df_6.0.18362.1082_none_9e8193e1e45b25c1\COMCTL32.dll
0x00007ff97fe30000 - 0x00007ff980165000 	C:\Windows\System32\combase.dll
0x00007ff97f7e0000 - 0x00007ff97f860000 	C:\Windows\System32\bcryptPrimitives.dll
0x00007ff980fe0000 - 0x00007ff98100e000 	C:\Windows\System32\IMM32.DLL
0x000000005f030000 - 0x000000005f102000 	C:\Program Files\Android\Android Studio\jre\jre\bin\msvcr100.dll
0x000000005e110000 - 0x000000005e95b000 	C:\Program Files\Android\Android Studio\jre\jre\bin\server\jvm.dll
0x00007ff981710000 - 0x00007ff981718000 	C:\Windows\System32\PSAPI.DLL
0x00007ff97d4c0000 - 0x00007ff97d4c9000 	C:\Windows\SYSTEM32\WSOCK32.dll
0x00007ff981010000 - 0x00007ff98107f000 	C:\Windows\System32\WS2_32.dll
0x00007ff974b60000 - 0x00007ff974b84000 	C:\Windows\SYSTEM32\WINMM.dll
0x00007ff975140000 - 0x00007ff97514a000 	C:\Windows\SYSTEM32\VERSION.dll
0x00007ff974b30000 - 0x00007ff974b5d000 	C:\Windows\SYSTEM32\WINMMBASE.dll
0x00007ff97f6b0000 - 0x00007ff97f6fa000 	C:\Windows\System32\cfgmgr32.dll
0x00007ff977d20000 - 0x00007ff977d2f000 	C:\Program Files\Android\Android Studio\jre\jre\bin\verify.dll
0x00007ff96aec0000 - 0x00007ff96aee9000 	C:\Program Files\Android\Android Studio\jre\jre\bin\java.dll
0x00007ff96ade0000 - 0x00007ff96adf6000 	C:\Program Files\Android\Android Studio\jre\jre\bin\zip.dll
0x00007ff9805e0000 - 0x00007ff980cc7000 	C:\Windows\System32\SHELL32.dll
0x00007ff981810000 - 0x00007ff9818b9000 	C:\Windows\System32\shcore.dll
0x00007ff97e9f0000 - 0x00007ff97f170000 	C:\Windows\System32\windows.storage.dll
0x00007ff97e9a0000 - 0x00007ff97e9c3000 	C:\Windows\System32\profapi.dll
0x00007ff97e950000 - 0x00007ff97e99a000 	C:\Windows\System32\powrprof.dll
0x00007ff97e920000 - 0x00007ff97e930000 	C:\Windows\System32\UMPDC.dll
0x00007ff9817b0000 - 0x00007ff981802000 	C:\Windows\System32\shlwapi.dll
0x00007ff97e930000 - 0x00007ff97e941000 	C:\Windows\System32\kernel.appcore.dll
0x00007ff97f5f0000 - 0x00007ff97f607000 	C:\Windows\System32\cryptsp.dll
0x00007ff96ad30000 - 0x00007ff96ad4a000 	C:\Program Files\Android\Android Studio\jre\jre\bin\net.dll
0x00007ff97e170000 - 0x00007ff97e1d7000 	C:\Windows\system32\mswsock.dll
0x00007ff96ad10000 - 0x00007ff96ad23000 	C:\Program Files\Android\Android Studio\jre\jre\bin\nio.dll
0x00007ff95db90000 - 0x00007ff95dbb6000 	D:\SOFTWARE\mobile\gradle-6.5\native\31\windows-amd64\native-platform.dll
0x00007ff977d10000 - 0x00007ff977d1d000 	C:\Program Files\Android\Android Studio\jre\jre\bin\management.dll
0x00007ff97dce0000 - 0x00007ff97dd13000 	C:\Windows\system32\rsaenh.dll
0x00007ff97f700000 - 0x00007ff97f726000 	C:\Windows\System32\bcrypt.dll
0x00007ff97e840000 - 0x00007ff97e865000 	C:\Windows\SYSTEM32\USERENV.dll
0x00007ff97e340000 - 0x00007ff97e34c000 	C:\Windows\SYSTEM32\CRYPTBASE.dll
0x00007ff97de80000 - 0x00007ff97deba000 	C:\Windows\SYSTEM32\IPHLPAPI.DLL
0x00007ff980d90000 - 0x00007ff980d98000 	C:\Windows\System32\NSI.dll
0x00007ff9727a0000 - 0x00007ff9727b6000 	C:\Windows\SYSTEM32\dhcpcsvc6.DLL
0x00007ff9740c0000 - 0x00007ff9740dc000 	C:\Windows\SYSTEM32\dhcpcsvc.DLL
0x00007ff97dec0000 - 0x00007ff97df8b000 	C:\Windows\SYSTEM32\DNSAPI.dll

VM Arguments:
jvm_args: -Xmx1536m -Dfile.encoding=windows-1252 -Duser.country=US -Duser.language=en -Duser.variant 
java_command: org.gradle.launcher.daemon.bootstrap.GradleDaemon 6.1.1
java_class_path (initial): D:\SOFTWARE\mobile\gradle-6.5\wrapper\dists\gradle-6.1.1-all\cfmwm155h49vnt3hynmlrsdst\gradle-6.1.1\lib\gradle-launcher-6.1.1.jar
Launcher Type: SUN_STANDARD

Environment Variables:
PATH=C:\Program Files (x86)\Common Files\Intel\Shared Libraries\redist\intel64\compiler;C:\Windows\system32;C:\Windows;C:\Windows\System32\Wbem;C:\Windows\System32\WindowsPowerShell\v1.0\;C:\Windows\System32\OpenSSH\;C:\Program Files\Git\cmd;C:\Program Files\Microsoft SQL Server\Client SDK\ODBC\170\Tools\Binn\;C:\Program Files (x86)\Microsoft SQL Server\150\Tools\Binn\;C:\Program Files\Microsoft SQL Server\150\Tools\Binn\;C:\Program Files\Microsoft SQL Server\150\DTS\Binn\;C:\Program Files (x86)\Microsoft SQL Server\150\DTS\Binn\;C:\Users\HP\AppData\Local\Microsoft\WindowsApps;C:\Program Files\Java\jdk1.7.0_79\bin;
USERNAME=HP
OS=Windows_NT
PROCESSOR_IDENTIFIER=Intel64 Family 6 com.tv9.tv9MoJo.Model 78 Stepping 3, GenuineIntel



---------------  S Y S T E M  ---------------

OS: Windows 10.0 , 64 bit Build 18362 (10.0.18362.1082)

CPU:total 4 (initial active 4) (2 cores per cpu, 2 threads per core) family 6 model 78 stepping 3, cmov, cx8, fxsr, mmx, sse, sse2, sse3, ssse3, sse4.1, sse4.2, popcnt, avx, avx2, aes, clmul, erms, rtm, 3dnowpref, lzcnt, ht, tsc, tscinvbit, bmi1, bmi2, adx

Memory: 4k page, physical 8266336k(577640k free), swap 26186204k(3128k free)

vm_info: OpenJDK 64-Bit Server VM (25.242-b01) for windows-amd64 JRE (1.8.0_242-release-1644-b01), built by "builder" with MS VC++ 10.0 (VS2010)

time: Tue Nov 10 14:28:35 2020
timezone: India Standard Time
elapsed time: 3 seconds (0d 0h 0m 3s)

